0 info it worked if it ends with ok
1 verbose cli [ 'C:\\Program Files (x86)\\nodejs\\node.exe',
1 verbose cli   'C:\\Program Files (x86)\\nodejs\\node_modules\\npm\\bin\\npm-cli.js',
1 verbose cli   'install',
1 verbose cli   '-g',
1 verbose cli   'ionic@beta',
1 verbose cli   'cordoba' ]
2 info using npm@3.10.3
3 info using node@v6.5.0
4 silly loadCurrentTree Starting
5 silly install loadCurrentTree
6 silly install readGlobalPackageData
7 silly fetchPackageMetaData ionic@beta
8 silly fetchPackageMetaData cordoba
9 silly fetchNamedPackageData ionic
10 silly mapToRegistry name ionic
11 silly mapToRegistry using default registry
12 silly mapToRegistry registry https://registry.npmjs.org/
13 silly mapToRegistry data Result {
13 silly mapToRegistry   raw: 'ionic',
13 silly mapToRegistry   scope: null,
13 silly mapToRegistry   escapedName: 'ionic',
13 silly mapToRegistry   name: 'ionic',
13 silly mapToRegistry   rawSpec: '',
13 silly mapToRegistry   spec: 'latest',
13 silly mapToRegistry   type: 'tag' }
14 silly mapToRegistry uri https://registry.npmjs.org/ionic
15 silly fetchNamedPackageData cordoba
16 silly mapToRegistry name cordoba
17 silly mapToRegistry using default registry
18 silly mapToRegistry registry https://registry.npmjs.org/
19 silly mapToRegistry data Result {
19 silly mapToRegistry   raw: 'cordoba',
19 silly mapToRegistry   scope: null,
19 silly mapToRegistry   escapedName: 'cordoba',
19 silly mapToRegistry   name: 'cordoba',
19 silly mapToRegistry   rawSpec: '',
19 silly mapToRegistry   spec: 'latest',
19 silly mapToRegistry   type: 'tag' }
20 silly mapToRegistry uri https://registry.npmjs.org/cordoba
21 verbose request uri https://registry.npmjs.org/cordoba
22 verbose request no auth needed
23 info attempt registry request try #1 at 20:16:49
24 verbose request id fd70b316830476ba
25 http request GET https://registry.npmjs.org/cordoba
26 verbose request uri https://registry.npmjs.org/ionic
27 verbose request no auth needed
28 info attempt registry request try #1 at 20:16:49
29 verbose etag "43ZKVU5LH4W60WXWND6CXGUDH"
30 http request GET https://registry.npmjs.org/ionic
31 http 304 https://registry.npmjs.org/ionic
32 verbose headers { date: 'Sat, 10 Sep 2016 13:16:51 GMT',
32 verbose headers   via: '1.1 varnish',
32 verbose headers   'cache-control': 'max-age=300',
32 verbose headers   etag: '"43ZKVU5LH4W60WXWND6CXGUDH"',
32 verbose headers   age: '40',
32 verbose headers   connection: 'keep-alive',
32 verbose headers   'x-served-by': 'cache-sin6927-SIN',
32 verbose headers   'x-cache': 'HIT',
32 verbose headers   'x-cache-hits': '1',
32 verbose headers   'x-timer': 'S1473513411.649635,VS0,VE0',
32 verbose headers   vary: 'Accept-Encoding' }
33 silly get cb [ 304,
33 silly get   { date: 'Sat, 10 Sep 2016 13:16:51 GMT',
33 silly get     via: '1.1 varnish',
33 silly get     'cache-control': 'max-age=300',
33 silly get     etag: '"43ZKVU5LH4W60WXWND6CXGUDH"',
33 silly get     age: '40',
33 silly get     connection: 'keep-alive',
33 silly get     'x-served-by': 'cache-sin6927-SIN',
33 silly get     'x-cache': 'HIT',
33 silly get     'x-cache-hits': '1',
33 silly get     'x-timer': 'S1473513411.649635,VS0,VE0',
33 silly get     vary: 'Accept-Encoding' } ]
34 verbose etag https://registry.npmjs.org/ionic from cache
35 verbose get saving ionic to C:\Users\Neoneoz\AppData\Roaming\npm-cache\registry.npmjs.org\ionic\.cache.json
36 verbose correctMkdir C:\Users\Neoneoz\AppData\Roaming\npm-cache correctMkdir not in flight; initializing
37 http 404 https://registry.npmjs.org/cordoba
38 verbose headers { 'content-type': 'application/json',
38 verbose headers   'cache-control': 'max-age=0',
38 verbose headers   'content-length': '2',
38 verbose headers   'accept-ranges': 'bytes',
38 verbose headers   date: 'Sat, 10 Sep 2016 13:16:51 GMT',
38 verbose headers   via: '1.1 varnish',
38 verbose headers   age: '0',
38 verbose headers   connection: 'keep-alive',
38 verbose headers   'x-served-by': 'cache-sin6927-SIN',
38 verbose headers   'x-cache': 'MISS',
38 verbose headers   'x-cache-hits': '0',
38 verbose headers   'x-timer': 'S1473513410.649256,VS0,VE1041',
38 verbose headers   vary: 'Accept-Encoding' }
39 silly get cb [ 404,
39 silly get   { 'content-type': 'application/json',
39 silly get     'cache-control': 'max-age=0',
39 silly get     'content-length': '2',
39 silly get     'accept-ranges': 'bytes',
39 silly get     date: 'Sat, 10 Sep 2016 13:16:51 GMT',
39 silly get     via: '1.1 varnish',
39 silly get     age: '0',
39 silly get     connection: 'keep-alive',
39 silly get     'x-served-by': 'cache-sin6927-SIN',
39 silly get     'x-cache': 'MISS',
39 silly get     'x-cache-hits': '0',
39 silly get     'x-timer': 'S1473513410.649256,VS0,VE1041',
39 silly get     vary: 'Accept-Encoding' } ]
40 silly fetchPackageMetaData Error: Registry returned 404 for GET on https://registry.npmjs.org/cordoba
40 silly fetchPackageMetaData     at makeError (C:\Program Files (x86)\nodejs\node_modules\npm\node_modules\npm-registry-client\lib\request.js:264:12)
40 silly fetchPackageMetaData     at CachingRegistryClient.<anonymous> (C:\Program Files (x86)\nodejs\node_modules\npm\node_modules\npm-registry-client\lib\request.js:242:14)
40 silly fetchPackageMetaData     at Request._callback (C:\Program Files (x86)\nodejs\node_modules\npm\node_modules\npm-registry-client\lib\request.js:172:14)
40 silly fetchPackageMetaData     at Request.self.callback (C:\Program Files (x86)\nodejs\node_modules\npm\node_modules\request\request.js:200:22)
40 silly fetchPackageMetaData     at emitTwo (events.js:106:13)
40 silly fetchPackageMetaData     at Request.emit (events.js:191:7)
40 silly fetchPackageMetaData     at Request.<anonymous> (C:\Program Files (x86)\nodejs\node_modules\npm\node_modules\request\request.js:1067:10)
40 silly fetchPackageMetaData     at emitOne (events.js:101:20)
40 silly fetchPackageMetaData     at Request.emit (events.js:188:7)
40 silly fetchPackageMetaData     at IncomingMessage.<anonymous> (C:\Program Files (x86)\nodejs\node_modules\npm\node_modules\request\request.js:988:12)
40 silly fetchPackageMetaData  error for cordoba { Error: Registry returned 404 for GET on https://registry.npmjs.org/cordoba
40 silly fetchPackageMetaData     at makeError (C:\Program Files (x86)\nodejs\node_modules\npm\node_modules\npm-registry-client\lib\request.js:264:12)
40 silly fetchPackageMetaData     at CachingRegistryClient.<anonymous> (C:\Program Files (x86)\nodejs\node_modules\npm\node_modules\npm-registry-client\lib\request.js:242:14)
40 silly fetchPackageMetaData     at Request._callback (C:\Program Files (x86)\nodejs\node_modules\npm\node_modules\npm-registry-client\lib\request.js:172:14)
40 silly fetchPackageMetaData     at Request.self.callback (C:\Program Files (x86)\nodejs\node_modules\npm\node_modules\request\request.js:200:22)
40 silly fetchPackageMetaData     at emitTwo (events.js:106:13)
40 silly fetchPackageMetaData     at Request.emit (events.js:191:7)
40 silly fetchPackageMetaData     at Request.<anonymous> (C:\Program Files (x86)\nodejs\node_modules\npm\node_modules\request\request.js:1067:10)
40 silly fetchPackageMetaData     at emitOne (events.js:101:20)
40 silly fetchPackageMetaData     at Request.emit (events.js:188:7)
40 silly fetchPackageMetaData     at IncomingMessage.<anonymous> (C:\Program Files (x86)\nodejs\node_modules\npm\node_modules\request\request.js:988:12) pkgid: 'cordoba', statusCode: 404, code: 'E404' }
41 silly rollbackFailedOptional Starting
42 silly rollbackFailedOptional Finishing
43 silly runTopLevelLifecycles Starting
44 silly runTopLevelLifecycles Finishing
45 silly install printInstalled
46 verbose stack Error: Registry returned 404 for GET on https://registry.npmjs.org/cordoba
46 verbose stack     at makeError (C:\Program Files (x86)\nodejs\node_modules\npm\node_modules\npm-registry-client\lib\request.js:264:12)
46 verbose stack     at CachingRegistryClient.<anonymous> (C:\Program Files (x86)\nodejs\node_modules\npm\node_modules\npm-registry-client\lib\request.js:242:14)
46 verbose stack     at Request._callback (C:\Program Files (x86)\nodejs\node_modules\npm\node_modules\npm-registry-client\lib\request.js:172:14)
46 verbose stack     at Request.self.callback (C:\Program Files (x86)\nodejs\node_modules\npm\node_modules\request\request.js:200:22)
46 verbose stack     at emitTwo (events.js:106:13)
46 verbose stack     at Request.emit (events.js:191:7)
46 verbose stack     at Request.<anonymous> (C:\Program Files (x86)\nodejs\node_modules\npm\node_modules\request\request.js:1067:10)
46 verbose stack     at emitOne (events.js:101:20)
46 verbose stack     at Request.emit (events.js:188:7)
46 verbose stack     at IncomingMessage.<anonymous> (C:\Program Files (x86)\nodejs\node_modules\npm\node_modules\request\request.js:988:12)
47 verbose statusCode 404
48 verbose pkgid cordoba
49 verbose cwd C:\ProjectApp
50 error Windows_NT 6.2.9200
51 error argv "C:\\Program Files (x86)\\nodejs\\node.exe" "C:\\Program Files (x86)\\nodejs\\node_modules\\npm\\bin\\npm-cli.js" "install" "-g" "ionic@beta" "cordoba"
52 error node v6.5.0
53 error npm  v3.10.3
54 error code E404
55 error 404 Registry returned 404 for GET on https://registry.npmjs.org/cordoba
56 error 404
57 error 404 'cordoba' is not in the npm registry.
58 error 404 You should bug the author to publish it (or use the name yourself!)
59 error 404 Note that you can also install from a
60 error 404 tarball, folder, http url, or git url.
61 verbose exit [ 1, true ]
